# JRE version: OpenJDK Runtime Environment Temurin-21.0.10+7 (21.0.10+7) (build 21.0.10+7-LTS)
# Java VM: OpenJDK 64-Bit Server VM Temurin-21.0.10+7 (21.0.10+7-LTS, mixed mode, emulated-client, sharing, tiered, compressed oops, compressed class ptrs, g1 gc, windows-amd64)
GC Precious Log:
 CardTable entry size: 512
 Card Set container configuration: InlinePtr #cards 4 size 8 Array Of Cards #cards 16 size 48 Howl #buckets 8 coarsen threshold 3686 Howl Bitmap #cards 512 size 80 coarsen threshold 460 Card regions per heap region 1 cards per card region 4096
 CPUs: 20 total, 20 available
 Memory: 16176M
 Large Page Support: Disabled
 NUMA Support: Disabled
 Compressed Oops: Enabled (Zero based)
 Heap Region Size: 2M
 Heap Min Capacity: 8M
 Heap Initial Capacity: 254M
 Heap Max Capacity: 4046M
 Pre-touch: Disabled
 Parallel Workers: 15
 Concurrent Workers: 4
 Concurrent Refinement Workers: 15
 Periodic GC: Disabled
Heap:
 garbage-first heap   total 83968K, used 63115K [0x0000000703200000, 0x0000000800000000)
  region size 2048K, 20 young (40960K), 2 survivors (4096K)
 Metaspace       used 52779K, committed 53568K, reserved 1114112K
  class space    used 7550K, committed 7936K, reserved 1048576K
GC Heap History (18 events):
Event: 0.455 GC heap before
{Heap before GC invocations=0 (full 0):
 garbage-first heap   total 260096K, used 22528K [0x0000000703200000, 0x0000000800000000)
  region size 2048K, 11 young (22528K), 0 survivors (0K)
 Metaspace       used 6436K, committed 6592K, reserved 1114112K
  class space    used 765K, committed 832K, reserved 1048576K
}
Event: 0.460 GC heap after
{Heap after GC invocations=1 (full 0):
 garbage-first heap   total 260096K, used 6908K [0x0000000703200000, 0x0000000800000000)
  region size 2048K, 2 young (4096K), 2 survivors (4096K)
 Metaspace       used 6436K, committed 6592K, reserved 1114112K
  class space    used 765K, committed 832K, reserved 1048576K
}
Event: 0.737 GC heap before
{Heap before GC invocations=1 (full 0):
 garbage-first heap   total 260096K, used 23292K [0x0000000703200000, 0x0000000800000000)
  region size 2048K, 11 young (22528K), 2 survivors (4096K)
 Metaspace       used 10711K, committed 11008K, reserved 1114112K
  class space    used 1411K, committed 1536K, reserved 1048576K
}
Event: 0.741 GC heap after
{Heap after GC invocations=2 (full 0):
 garbage-first heap   total 260096K, used 8557K [0x0000000703200000, 0x0000000800000000)
  region size 2048K, 1 young (2048K), 1 survivors (2048K)
 Metaspace       used 10711K, committed 11008K, reserved 1114112K
  class space    used 1411K, committed 1536K, reserved 1048576K
}
Event: 0.973 GC heap before
{Heap before GC invocations=3 (full 0):
 garbage-first heap   total 34816K, used 33133K [0x0000000703200000, 0x0000000800000000)
  region size 2048K, 13 young (26624K), 1 survivors (2048K)
 Metaspace       used 15580K, committed 16000K, reserved 1114112K
  class space    used 2254K, committed 2432K, reserved 1048576K
}
Event: 0.975 GC heap after
{Heap after GC invocations=4 (full 0):
 garbage-first heap   total 38912K, used 10375K [0x0000000703200000, 0x0000000800000000)
  region size 2048K, 2 young (4096K), 2 survivors (4096K)
 Metaspace       used 15580K, committed 16000K, reserved 1114112K
  class space    used 2254K, committed 2432K, reserved 1048576K
}
Event: 1.066 GC heap before
{Heap before GC invocations=4 (full 0):
 garbage-first heap   total 38912K, used 24711K [0x0000000703200000, 0x0000000800000000)
  region size 2048K, 9 young (18432K), 2 survivors (4096K)
 Metaspace       used 18559K, committed 19008K, reserved 1114112K
  class space    used 2607K, committed 2816K, reserved 1048576K
}
Event: 1.069 GC heap after
{Heap after GC invocations=5 (full 0):
 garbage-first heap   total 38912K, used 10916K [0x0000000703200000, 0x0000000800000000)
  region size 2048K, 2 young (4096K), 2 survivors (4096K)
 Metaspace       used 18559K, committed 19008K, reserved 1114112K
  class space    used 2607K, committed 2816K, reserved 1048576K
}
Event: 1.162 GC heap before
{Heap before GC invocations=5 (full 0):
 garbage-first heap   total 38912K, used 25252K [0x0000000703200000, 0x0000000800000000)
  region size 2048K, 10 young (20480K), 2 survivors (4096K)
 Metaspace       used 21103K, committed 21504K, reserved 1114112K
  class space    used 2873K, committed 3072K, reserved 1048576K
}
Event: 1.164 GC heap after
{Heap after GC invocations=6 (full 0):
 garbage-first heap   total 38912K, used 12845K [0x0000000703200000, 0x0000000800000000)
  region size 2048K, 2 young (4096K), 2 survivors (4096K)
 Metaspace       used 21103K, committed 21504K, reserved 1114112K
  class space    used 2873K, committed 3072K, reserved 1048576K
}
Event: 1.254 GC heap before
{Heap before GC invocations=7 (full 0):
 garbage-first heap   total 38912K, used 27181K [0x0000000703200000, 0x0000000800000000)
  region size 2048K, 9 young (18432K), 2 survivors (4096K)
 Metaspace       used 23456K, committed 23936K, reserved 1114112K
  class space    used 3248K, committed 3456K, reserved 1048576K
}
Event: 1.256 GC heap after
{Heap after GC invocations=8 (full 0):
 garbage-first heap   total 149504K, used 14096K [0x0000000703200000, 0x0000000800000000)
  region size 2048K, 1 young (2048K), 1 survivors (2048K)
 Metaspace       used 23456K, committed 23936K, reserved 1114112K
  class space    used 3248K, committed 3456K, reserved 1048576K
}
Event: 2.145 GC heap before
{Heap before GC invocations=8 (full 0):
 garbage-first heap   total 149504K, used 89872K [0x0000000703200000, 0x0000000800000000)
  region size 2048K, 39 young (79872K), 1 survivors (2048K)
 Metaspace       used 35612K, committed 36160K, reserved 1114112K
  class space    used 5073K, committed 5312K, reserved 1048576K
}
Event: 2.149 GC heap after
{Heap after GC invocations=9 (full 0):
 garbage-first heap   total 149504K, used 20480K [0x0000000703200000, 0x0000000800000000)
  region size 2048K, 4 young (8192K), 4 survivors (8192K)
 Metaspace       used 35612K, committed 36160K, reserved 1114112K
  class space    used 5073K, committed 5312K, reserved 1048576K
}
Event: 2.568 GC heap before
{Heap before GC invocations=10 (full 0):
 garbage-first heap   total 69632K, used 69632K [0x0000000703200000, 0x0000000800000000)
  region size 2048K, 28 young (57344K), 4 survivors (8192K)
 Metaspace       used 45404K, committed 46080K, reserved 1114112K
  class space    used 6451K, committed 6720K, reserved 1048576K
}
Event: 2.573 GC heap after
{Heap after GC invocations=11 (full 0):
 garbage-first heap   total 83968K, used 25548K [0x0000000703200000, 0x0000000800000000)
  region size 2048K, 6 young (12288K), 6 survivors (12288K)
 Metaspace       used 45404K, committed 46080K, reserved 1114112K
  class space    used 6451K, committed 6720K, reserved 1048576K
}
Event: 2.822 GC heap before
{Heap before GC invocations=11 (full 0):
 garbage-first heap   total 83968K, used 60364K [0x0000000703200000, 0x0000000800000000)
  region size 2048K, 24 young (49152K), 6 survivors (12288K)
 Metaspace       used 48561K, committed 49280K, reserved 1114112K
  class space    used 6911K, committed 7232K, reserved 1048576K
}
Event: 2.827 GC heap after
{Heap after GC invocations=12 (full 0):
 garbage-first heap   total 83968K, used 28299K [0x0000000703200000, 0x0000000800000000)
  region size 2048K, 2 young (4096K), 2 survivors (4096K)
 Metaspace       used 48561K, committed 49280K, reserved 1114112K
  class space    used 6911K, committed 7232K, reserved 1048576K
}

