# JRE version: OpenJDK Runtime Environment Temurin-21.0.10+7 (21.0.10+7) (build 21.0.10+7-LTS)
# Java VM: OpenJDK 64-Bit Server VM Temurin-21.0.10+7 (21.0.10+7-LTS, mixed mode, emulated-client, sharing, tiered, compressed oops, compressed class ptrs, g1 gc, windows-amd64)
GC Precious Log:
 CardTable entry size: 512
 Card Set container configuration: InlinePtr #cards 4 size 8 Array Of Cards #cards 16 size 48 Howl #buckets 8 coarsen threshold 3686 Howl Bitmap #cards 512 size 80 coarsen threshold 460 Card regions per heap region 1 cards per card region 4096
 CPUs: 20 total, 20 available
 Memory: 16176M
 Large Page Support: Disabled
 NUMA Support: Disabled
 Compressed Oops: Enabled (Zero based)
 Heap Region Size: 2M
 Heap Min Capacity: 8M
 Heap Initial Capacity: 254M
 Heap Max Capacity: 4046M
 Pre-touch: Disabled
 Parallel Workers: 15
 Concurrent Workers: 4
 Concurrent Refinement Workers: 15
 Periodic GC: Disabled
Heap:
 garbage-first heap   total 86016K, used 29961K [0x0000000703200000, 0x0000000800000000)
  region size 2048K, 3 young (6144K), 3 survivors (6144K)
 Metaspace       used 53332K, committed 54144K, reserved 1114112K
  class space    used 7618K, committed 8000K, reserved 1048576K
GC Heap History (20 events):
Event: 1.168 GC heap after
{Heap after GC invocations=5 (full 0):
 garbage-first heap   total 36864K, used 9851K [0x0000000703200000, 0x0000000800000000)
  region size 2048K, 1 young (2048K), 1 survivors (2048K)
 Metaspace       used 13561K, committed 14016K, reserved 1114112K
  class space    used 1881K, committed 2112K, reserved 1048576K
}
Event: 1.268 GC heap before
{Heap before GC invocations=5 (full 0):
 garbage-first heap   total 36864K, used 20091K [0x0000000703200000, 0x0000000800000000)
  region size 2048K, 7 young (14336K), 1 survivors (2048K)
 Metaspace       used 15883K, committed 16384K, reserved 1114112K
  class space    used 2293K, committed 2496K, reserved 1048576K
}
Event: 1.271 GC heap after
{Heap after GC invocations=6 (full 0):
 garbage-first heap   total 36864K, used 10687K [0x0000000703200000, 0x0000000800000000)
  region size 2048K, 1 young (2048K), 1 survivors (2048K)
 Metaspace       used 15883K, committed 16384K, reserved 1114112K
  class space    used 2293K, committed 2496K, reserved 1048576K
}
Event: 1.399 GC heap before
{Heap before GC invocations=6 (full 0):
 garbage-first heap   total 36864K, used 22975K [0x0000000703200000, 0x0000000800000000)
  region size 2048K, 8 young (16384K), 1 survivors (2048K)
 Metaspace       used 18946K, committed 19392K, reserved 1114112K
  class space    used 2644K, committed 2816K, reserved 1048576K
}
Event: 1.402 GC heap after
{Heap after GC invocations=7 (full 0):
 garbage-first heap   total 149504K, used 11516K [0x0000000703200000, 0x0000000800000000)
  region size 2048K, 1 young (2048K), 1 survivors (2048K)
 Metaspace       used 18946K, committed 19392K, reserved 1114112K
  class space    used 2644K, committed 2816K, reserved 1048576K
}
Event: 1.501 GC heap before
{Heap before GC invocations=7 (full 0):
 garbage-first heap   total 149504K, used 21756K [0x0000000703200000, 0x0000000800000000)
  region size 2048K, 8 young (16384K), 1 survivors (2048K)
 Metaspace       used 21082K, committed 21504K, reserved 1114112K
  class space    used 2863K, committed 3072K, reserved 1048576K
}
Event: 1.503 GC heap after
{Heap after GC invocations=8 (full 0):
 garbage-first heap   total 149504K, used 13185K [0x0000000703200000, 0x0000000800000000)
  region size 2048K, 2 young (4096K), 2 survivors (4096K)
 Metaspace       used 21082K, committed 21504K, reserved 1114112K
  class space    used 2863K, committed 3072K, reserved 1048576K
}
Event: 1.809 GC heap before
{Heap before GC invocations=9 (full 0):
 garbage-first heap   total 49152K, used 48001K [0x0000000703200000, 0x0000000800000000)
  region size 2048K, 19 young (38912K), 2 survivors (4096K)
 Metaspace       used 25179K, committed 25664K, reserved 1114112K
  class space    used 3499K, committed 3712K, reserved 1048576K
}
Event: 1.812 GC heap after
{Heap after GC invocations=10 (full 0):
 garbage-first heap   total 55296K, used 15581K [0x0000000703200000, 0x0000000800000000)
  region size 2048K, 3 young (6144K), 3 survivors (6144K)
 Metaspace       used 25179K, committed 25664K, reserved 1114112K
  class space    used 3499K, committed 3712K, reserved 1048576K
}
Event: 2.153 GC heap before
{Heap before GC invocations=10 (full 0):
 garbage-first heap   total 55296K, used 42205K [0x0000000703200000, 0x0000000800000000)
  region size 2048K, 16 young (32768K), 3 survivors (6144K)
 Metaspace       used 29312K, committed 29824K, reserved 1114112K
  class space    used 4158K, committed 4416K, reserved 1048576K
}
Event: 2.158 GC heap after
{Heap after GC invocations=11 (full 0):
 garbage-first heap   total 55296K, used 17142K [0x0000000703200000, 0x0000000800000000)
  region size 2048K, 1 young (2048K), 1 survivors (2048K)
 Metaspace       used 29312K, committed 29824K, reserved 1114112K
  class space    used 4158K, committed 4416K, reserved 1048576K
}
Event: 2.488 GC heap before
{Heap before GC invocations=11 (full 0):
 garbage-first heap   total 55296K, used 43766K [0x0000000703200000, 0x0000000800000000)
  region size 2048K, 14 young (28672K), 1 survivors (2048K)
 Metaspace       used 33949K, committed 34560K, reserved 1114112K
  class space    used 4831K, committed 5120K, reserved 1048576K
}
Event: 2.493 GC heap after
{Heap after GC invocations=12 (full 0):
 garbage-first heap   total 157696K, used 19324K [0x0000000703200000, 0x0000000800000000)
  region size 2048K, 2 young (4096K), 2 survivors (4096K)
 Metaspace       used 33949K, committed 34560K, reserved 1114112K
  class space    used 4831K, committed 5120K, reserved 1048576K
}
Event: 2.626 GC heap before
{Heap before GC invocations=12 (full 0):
 garbage-first heap   total 157696K, used 27516K [0x0000000703200000, 0x0000000800000000)
  region size 2048K, 7 young (14336K), 2 survivors (4096K)
 Metaspace       used 35493K, committed 36096K, reserved 1114112K
  class space    used 5049K, committed 5312K, reserved 1048576K
}
Event: 2.634 GC heap after
{Heap after GC invocations=13 (full 0):
 garbage-first heap   total 157696K, used 20472K [0x0000000703200000, 0x0000000800000000)
  region size 2048K, 3 young (6144K), 3 survivors (6144K)
 Metaspace       used 35493K, committed 36096K, reserved 1114112K
  class space    used 5049K, committed 5312K, reserved 1048576K
}
Event: 3.175 GC heap before
{Heap before GC invocations=14 (full 0):
 garbage-first heap   total 75776K, used 71672K [0x0000000703200000, 0x0000000800000000)
  region size 2048K, 29 young (59392K), 3 survivors (6144K)
 Metaspace       used 44894K, committed 45568K, reserved 1114112K
  class space    used 6367K, committed 6656K, reserved 1048576K
}
Event: 3.182 GC heap after
{Heap after GC invocations=15 (full 0):
 garbage-first heap   total 86016K, used 25468K [0x0000000703200000, 0x0000000800000000)
  region size 2048K, 5 young (10240K), 5 survivors (10240K)
 Metaspace       used 44894K, committed 45568K, reserved 1114112K
  class space    used 6367K, committed 6656K, reserved 1048576K
}
Event: 3.514 GC heap before
{Heap before GC invocations=15 (full 0):
 garbage-first heap   total 86016K, used 64380K [0x0000000703200000, 0x0000000800000000)
  region size 2048K, 25 young (51200K), 5 survivors (10240K)
 Metaspace       used 49593K, committed 50304K, reserved 1114112K
  class space    used 7043K, committed 7360K, reserved 1048576K
}
Event: 3.523 GC heap after
{Heap after GC invocations=16 (full 0):
 garbage-first heap   total 86016K, used 28268K [0x0000000703200000, 0x0000000800000000)
  region size 2048K, 2 young (4096K), 2 survivors (4096K)
 Metaspace       used 49593K, committed 50304K, reserved 1114112K
  class space    used 7043K, committed 7360K, reserved 1048576K
}
Event: 75.762 GC heap before
{Heap before GC invocations=16 (full 0):
 garbage-first heap   total 86016K, used 58988K [0x0000000703200000, 0x0000000800000000)
  region size 2048K, 18 young (36864K), 2 survivors (4096K)
 Metaspace       used 53332K, committed 54144K, reserved 1114112K
  class space    used 7618K, committed 8000K, reserved 1048576K
}

